This file contains any messages produced by compilers while
running configure, to aid debugging if configure makes a mistake.

It was created by configure, which was
generated by GNU Autoconf 2.69.  Invocation command line was

  $ ./configure --enable-gcc --disable-shared --disable-xft --disable-xss --prefix=/Users/smilemare/project/ns-allinone-2.1b8a

## --------- ##
## Platform. ##
## --------- ##

hostname = smilemaretekiMacBook-Pro.local
uname -m = x86_64
uname -r = 12.4.0
uname -s = Darwin
uname -v = Darwin Kernel Version 12.4.0: Wed May  1 17:57:12 PDT 2013; root:xnu-2050.24.15~1/RELEASE_X86_64

/usr/bin/uname -p = i386
/bin/uname -X     = unknown

/bin/arch              = unknown
/usr/bin/arch -k       = unknown
/usr/convex/getsysinfo = unknown
/usr/bin/hostinfo      = Mach kernel version:
	 Darwin Kernel Version 12.4.0: Wed May  1 17:57:12 PDT 2013; root:xnu-2050.24.15~1/RELEASE_X86_64
Kernel configured for up to 2 processors.
2 processors are physically available.
2 processors are logically available.
Processor type: i486 (Intel 80486)
Processors active: 0 1
Primary memory available: 3.00 gigabytes
Default processor set: 141 tasks, 817 threads, 2 processors
Load average: 2.46, Mach factor: 0.71
/bin/machine           = unknown
/usr/bin/oslevel       = unknown
/bin/universe          = unknown

PATH: /Users/smilemare/project/ns-allinone-2.1b8a/bin
PATH: /Users/smilemare/Library/Enthought/Canopy_64bit/User/bin
PATH: /usr/local/bin
PATH: /usr/local/sbin
PATH: /opt/local/bin
PATH: /opt/local/sbin
PATH: /opt/local/bin
PATH: /opt/local/sbin
PATH: /Users/smilemare/.rvm/gems/ruby-2.1.3/bin
PATH: /Users/smilemare/.rvm/gems/ruby-2.1.3@global/bin
PATH: /Users/smilemare/.rvm/rubies/ruby-2.1.3/bin
PATH: /usr/local/sbin
PATH: /usr/local/bin
PATH: /usr/bin
PATH: /bin
PATH: /usr/sbin
PATH: /sbin
PATH: /usr/local/bin
PATH: /opt/X11/bin
PATH: /usr/texbin
PATH: /Users/smilemare/.rvm/bin
PATH: /Users/smilemare/.rvm/bin
PATH: /Users/smilemare/project/ns-allinone-2.35/bin
PATH: /Users/smilemare/project/ns-allinone-2.35/tcl8.5.10/unix
PATH: /Users/smilemare/project/ns-allinone-2.35/tk8.5.10/unix


## ----------- ##
## Core tests. ##
## ----------- ##

configure:2276: checking for ranlib
configure:2292: found /usr/bin/ranlib
configure:2303: result: ranlib
configure:2383: checking for gcc
configure:2410: result: gcc
configure:2639: checking for C compiler version
configure:2648: gcc --version >&5
Apple LLVM version 5.1 (clang-503.0.40) (based on LLVM 3.4svn)
Target: x86_64-apple-darwin12.4.0
Thread model: posix
Configured with: --prefix=/Applications/Xcode.app/Contents/Developer/usr --with-gxx-include-dir=/usr/include/c++/4.2.1
configure:2659: $? = 0
configure:2648: gcc -v >&5
Configured with: --prefix=/Applications/Xcode.app/Contents/Developer/usr --with-gxx-include-dir=/usr/include/c++/4.2.1
Apple LLVM version 5.1 (clang-503.0.40) (based on LLVM 3.4svn)
Target: x86_64-apple-darwin12.4.0
Thread model: posix
configure:2659: $? = 0
configure:2648: gcc -V >&5
clang: error: argument to '-V' is missing (expected 1 value)
clang: error: no input files
configure:2659: $? = 1
configure:2648: gcc -qversion >&5
clang: error: unknown argument: '-qversion' [-Wunused-command-line-argument-hard-error-in-future]
clang: note: this will be a hard error (cannot be downgraded to a warning) in the future
clang: error: no input files
configure:2659: $? = 1
configure:2679: checking whether the C compiler works
configure:2701: gcc   -framework CoreFoundation conftest.c  >&5
configure:2705: $? = 0
configure:2753: result: yes
configure:2756: checking for C compiler default output file name
configure:2758: result: a.out
configure:2764: checking for suffix of executables
configure:2771: gcc -o conftest   -framework CoreFoundation conftest.c  >&5
configure:2775: $? = 0
configure:2797: result: 
configure:2819: checking whether we are cross compiling
configure:2827: gcc -o conftest   -framework CoreFoundation conftest.c  >&5
configure:2831: $? = 0
configure:2838: ./conftest
configure:2842: $? = 0
configure:2857: result: no
configure:2862: checking for suffix of object files
configure:2884: gcc -c   conftest.c >&5
configure:2888: $? = 0
configure:2909: result: o
configure:2913: checking whether we are using the GNU C compiler
configure:2932: gcc -c   conftest.c >&5
configure:2932: $? = 0
configure:2941: result: yes
configure:2950: checking whether gcc accepts -g
configure:2970: gcc -c -g  conftest.c >&5
configure:2970: $? = 0
configure:3011: result: yes
configure:3028: checking for gcc option to accept ISO C89
configure:3091: gcc  -c -g -O2  conftest.c >&5
configure:3091: $? = 0
configure:3104: result: none needed
configure:3176: checking for gcc
configure:3203: result: gcc
configure:3432: checking for C compiler version
configure:3441: gcc --version >&5
Apple LLVM version 5.1 (clang-503.0.40) (based on LLVM 3.4svn)
Target: x86_64-apple-darwin12.4.0
Thread model: posix
Configured with: --prefix=/Applications/Xcode.app/Contents/Developer/usr --with-gxx-include-dir=/usr/include/c++/4.2.1
configure:3452: $? = 0
configure:3441: gcc -v >&5
Configured with: --prefix=/Applications/Xcode.app/Contents/Developer/usr --with-gxx-include-dir=/usr/include/c++/4.2.1
Apple LLVM version 5.1 (clang-503.0.40) (based on LLVM 3.4svn)
Target: x86_64-apple-darwin12.4.0
Thread model: posix
configure:3452: $? = 0
configure:3441: gcc -V >&5
clang: error: argument to '-V' is missing (expected 1 value)
clang: error: no input files
configure:3452: $? = 1
configure:3441: gcc -qversion >&5
clang: error: unknown argument: '-qversion' [-Wunused-command-line-argument-hard-error-in-future]
clang: note: this will be a hard error (cannot be downgraded to a warning) in the future
clang: error: no input files
configure:3452: $? = 1
configure:3456: checking whether we are using the GNU C compiler
configure:3484: result: yes
configure:3493: checking whether gcc accepts -g
configure:3554: result: yes
configure:3571: checking for gcc option to accept ISO C89
configure:3647: result: none needed
configure:3678: checking how to run the C preprocessor
configure:3709: gcc -E  conftest.c
configure:3709: $? = 0
configure:3723: gcc -E  conftest.c
conftest.c:9:10: fatal error: 'ac_nonexistent.h' file not found
#include <ac_nonexistent.h>
         ^
1 error generated.
configure:3723: $? = 1
configure: failed program was:
| /* confdefs.h */
| #define PACKAGE_NAME ""
| #define PACKAGE_TARNAME ""
| #define PACKAGE_VERSION ""
| #define PACKAGE_STRING ""
| #define PACKAGE_BUGREPORT ""
| #define PACKAGE_URL ""
| /* end confdefs.h.  */
| #include <ac_nonexistent.h>
configure:3748: result: gcc -E
configure:3768: gcc -E  conftest.c
configure:3768: $? = 0
configure:3782: gcc -E  conftest.c
conftest.c:9:10: fatal error: 'ac_nonexistent.h' file not found
#include <ac_nonexistent.h>
         ^
1 error generated.
configure:3782: $? = 1
configure: failed program was:
| /* confdefs.h */
| #define PACKAGE_NAME ""
| #define PACKAGE_TARNAME ""
| #define PACKAGE_VERSION ""
| #define PACKAGE_STRING ""
| #define PACKAGE_BUGREPORT ""
| #define PACKAGE_URL ""
| /* end confdefs.h.  */
| #include <ac_nonexistent.h>
configure:3811: checking for grep that handles long lines and -e
configure:3869: result: /usr/bin/grep
configure:3874: checking for egrep
configure:3936: result: /usr/bin/grep -E
configure:3941: checking for ANSI C header files
configure:3961: gcc -c -g -O2  conftest.c >&5
configure:3961: $? = 0
configure:4034: gcc -o conftest -g -O2  -framework CoreFoundation conftest.c  >&5
configure:4034: $? = 0
configure:4034: ./conftest
configure:4034: $? = 0
configure:4045: result: yes
configure:4058: checking for sys/types.h
configure:4058: gcc -c -g -O2  conftest.c >&5
configure:4058: $? = 0
configure:4058: result: yes
configure:4058: checking for sys/stat.h
configure:4058: gcc -c -g -O2  conftest.c >&5
configure:4058: $? = 0
configure:4058: result: yes
configure:4058: checking for stdlib.h
configure:4058: gcc -c -g -O2  conftest.c >&5
configure:4058: $? = 0
configure:4058: result: yes
configure:4058: checking for string.h
configure:4058: gcc -c -g -O2  conftest.c >&5
configure:4058: $? = 0
configure:4058: result: yes
configure:4058: checking for memory.h
configure:4058: gcc -c -g -O2  conftest.c >&5
configure:4058: $? = 0
configure:4058: result: yes
configure:4058: checking for strings.h
configure:4058: gcc -c -g -O2  conftest.c >&5
configure:4058: $? = 0
configure:4058: result: yes
configure:4058: checking for inttypes.h
configure:4058: gcc -c -g -O2  conftest.c >&5
configure:4058: $? = 0
configure:4058: result: yes
configure:4058: checking for stdint.h
configure:4058: gcc -c -g -O2  conftest.c >&5
configure:4058: $? = 0
configure:4058: result: yes
configure:4058: checking for unistd.h
configure:4058: gcc -c -g -O2  conftest.c >&5
configure:4058: $? = 0
configure:4058: result: yes
configure:4073: checking for unistd.h
configure:4073: result: yes
configure:4073: checking limits.h usability
configure:4073: gcc -c -g -O2  conftest.c >&5
configure:4073: $? = 0
configure:4073: result: yes
configure:4073: checking limits.h presence
configure:4073: gcc -E  conftest.c
configure:4073: $? = 0
configure:4073: result: yes
configure:4073: checking for limits.h
configure:4073: result: yes
configure:4089: checking for building with threads
configure:4212: result: no (default)
configure:4225: checking if the compiler understands -pipe
configure:4240: gcc -pipe -c -g -O2  conftest.c >&5
configure:4240: $? = 0
configure:4241: result: yes
configure:4272: checking for Tcl configuration
configure:4338: result: found /Users/smilemare/project/ns-allinone-2.1b8a/tcl8.3.2/unix/tclConfig.sh
configure:4344: checking for existence of /Users/smilemare/project/ns-allinone-2.1b8a/tcl8.3.2/unix/tclConfig.sh
configure:4348: result: loading
configure:4377: checking if 64bit support is requested
configure:4392: result: no
configure:4397: checking if 64bit Sparc VIS support is requested
configure:4414: result: no
configure:4421: checking system version (for dynamic loading)
configure:4441: result: Darwin-12.4.0
configure:4455: checking for dlopen in -ldl
configure:4480: gcc -pipe -o conftest -g -O2  -framework CoreFoundation conftest.c -ldl   >&5
configure:4480: $? = 0
configure:4489: result: yes
configure:5223: checking for build with symbols
configure:5242: result: no
configure:5268: checking for sin
configure:5268: gcc -pipe -o conftest -O   conftest.c  >&5
conftest.c:44:6: warning: incompatible redeclaration of library function 'sin' [-Wincompatible-library-redeclaration]
char sin ();
     ^
conftest.c:44:6: note: 'sin' is a builtin with type 'double (double)'
1 warning generated.
configure:5268: $? = 0
configure:5268: result: yes
configure:5275: checking for main in -lieee
configure:5294: gcc -pipe -o conftest -O   conftest.c -lieee   >&5
ld: library not found for -lieee
clang: error: linker command failed with exit code 1 (use -v to see invocation)
configure:5294: $? = 1
configure: failed program was:
| /* confdefs.h */
| #define PACKAGE_NAME ""
| #define PACKAGE_TARNAME ""
| #define PACKAGE_VERSION ""
| #define PACKAGE_STRING ""
| #define PACKAGE_BUGREPORT ""
| #define PACKAGE_URL ""
| #define STDC_HEADERS 1
| #define HAVE_SYS_TYPES_H 1
| #define HAVE_SYS_STAT_H 1
| #define HAVE_STDLIB_H 1
| #define HAVE_STRING_H 1
| #define HAVE_MEMORY_H 1
| #define HAVE_STRINGS_H 1
| #define HAVE_INTTYPES_H 1
| #define HAVE_STDINT_H 1
| #define HAVE_UNISTD_H 1
| #define HAVE_UNISTD_H 1
| #define HAVE_LIMITS_H 1
| /* end confdefs.h.  */
| 
| 
| int
| main ()
| {
| return main ();
|   ;
|   return 0;
| }
configure:5303: result: no
configure:5369: checking stdlib.h
configure:5414: result: yes
configure:5427: checking fd_set and sys/select
configure:5440: gcc -pipe -c -O  conftest.c >&5
configure:5440: $? = 0
configure:5463: result: yes
configure:5475: checking for mode_t
configure:5475: gcc -pipe -c -O  conftest.c >&5
configure:5475: $? = 0
configure:5475: gcc -pipe -c -O  conftest.c >&5
conftest.c:57:21: error: expected expression
if (sizeof ((mode_t)))
                    ^
1 error generated.
configure:5475: $? = 1
configure: failed program was:
| /* confdefs.h */
| #define PACKAGE_NAME ""
| #define PACKAGE_TARNAME ""
| #define PACKAGE_VERSION ""
| #define PACKAGE_STRING ""
| #define PACKAGE_BUGREPORT ""
| #define PACKAGE_URL ""
| #define STDC_HEADERS 1
| #define HAVE_SYS_TYPES_H 1
| #define HAVE_SYS_STAT_H 1
| #define HAVE_STDLIB_H 1
| #define HAVE_STRING_H 1
| #define HAVE_MEMORY_H 1
| #define HAVE_STRINGS_H 1
| #define HAVE_INTTYPES_H 1
| #define HAVE_STDINT_H 1
| #define HAVE_UNISTD_H 1
| #define HAVE_UNISTD_H 1
| #define HAVE_LIMITS_H 1
| /* end confdefs.h.  */
| #include <stdio.h>
| #ifdef HAVE_SYS_TYPES_H
| # include <sys/types.h>
| #endif
| #ifdef HAVE_SYS_STAT_H
| # include <sys/stat.h>
| #endif
| #ifdef STDC_HEADERS
| # include <stdlib.h>
| # include <stddef.h>
| #else
| # ifdef HAVE_STDLIB_H
| #  include <stdlib.h>
| # endif
| #endif
| #ifdef HAVE_STRING_H
| # if !defined STDC_HEADERS && defined HAVE_MEMORY_H
| #  include <memory.h>
| # endif
| # include <string.h>
| #endif
| #ifdef HAVE_STRINGS_H
| # include <strings.h>
| #endif
| #ifdef HAVE_INTTYPES_H
| # include <inttypes.h>
| #endif
| #ifdef HAVE_STDINT_H
| # include <stdint.h>
| #endif
| #ifdef HAVE_UNISTD_H
| # include <unistd.h>
| #endif
| int
| main ()
| {
| if (sizeof ((mode_t)))
| 	    return 0;
|   ;
|   return 0;
| }
configure:5475: result: yes
configure:5486: checking for pid_t
configure:5486: gcc -pipe -c -O  conftest.c >&5
configure:5486: $? = 0
configure:5486: gcc -pipe -c -O  conftest.c >&5
conftest.c:57:20: error: expected expression
if (sizeof ((pid_t)))
                   ^
1 error generated.
configure:5486: $? = 1
configure: failed program was:
| /* confdefs.h */
| #define PACKAGE_NAME ""
| #define PACKAGE_TARNAME ""
| #define PACKAGE_VERSION ""
| #define PACKAGE_STRING ""
| #define PACKAGE_BUGREPORT ""
| #define PACKAGE_URL ""
| #define STDC_HEADERS 1
| #define HAVE_SYS_TYPES_H 1
| #define HAVE_SYS_STAT_H 1
| #define HAVE_STDLIB_H 1
| #define HAVE_STRING_H 1
| #define HAVE_MEMORY_H 1
| #define HAVE_STRINGS_H 1
| #define HAVE_INTTYPES_H 1
| #define HAVE_STDINT_H 1
| #define HAVE_UNISTD_H 1
| #define HAVE_UNISTD_H 1
| #define HAVE_LIMITS_H 1
| /* end confdefs.h.  */
| #include <stdio.h>
| #ifdef HAVE_SYS_TYPES_H
| # include <sys/types.h>
| #endif
| #ifdef HAVE_SYS_STAT_H
| # include <sys/stat.h>
| #endif
| #ifdef STDC_HEADERS
| # include <stdlib.h>
| # include <stddef.h>
| #else
| # ifdef HAVE_STDLIB_H
| #  include <stdlib.h>
| # endif
| #endif
| #ifdef HAVE_STRING_H
| # if !defined STDC_HEADERS && defined HAVE_MEMORY_H
| #  include <memory.h>
| # endif
| # include <string.h>
| #endif
| #ifdef HAVE_STRINGS_H
| # include <strings.h>
| #endif
| #ifdef HAVE_INTTYPES_H
| # include <inttypes.h>
| #endif
| #ifdef HAVE_STDINT_H
| # include <stdint.h>
| #endif
| #ifdef HAVE_UNISTD_H
| # include <unistd.h>
| #endif
| int
| main ()
| {
| if (sizeof ((pid_t)))
| 	    return 0;
|   ;
|   return 0;
| }
configure:5486: result: yes
configure:5497: checking for size_t
configure:5497: gcc -pipe -c -O  conftest.c >&5
configure:5497: $? = 0
configure:5497: gcc -pipe -c -O  conftest.c >&5
conftest.c:57:21: error: expected expression
if (sizeof ((size_t)))
                    ^
1 error generated.
configure:5497: $? = 1
configure: failed program was:
| /* confdefs.h */
| #define PACKAGE_NAME ""
| #define PACKAGE_TARNAME ""
| #define PACKAGE_VERSION ""
| #define PACKAGE_STRING ""
| #define PACKAGE_BUGREPORT ""
| #define PACKAGE_URL ""
| #define STDC_HEADERS 1
| #define HAVE_SYS_TYPES_H 1
| #define HAVE_SYS_STAT_H 1
| #define HAVE_STDLIB_H 1
| #define HAVE_STRING_H 1
| #define HAVE_MEMORY_H 1
| #define HAVE_STRINGS_H 1
| #define HAVE_INTTYPES_H 1
| #define HAVE_STDINT_H 1
| #define HAVE_UNISTD_H 1
| #define HAVE_UNISTD_H 1
| #define HAVE_LIMITS_H 1
| /* end confdefs.h.  */
| #include <stdio.h>
| #ifdef HAVE_SYS_TYPES_H
| # include <sys/types.h>
| #endif
| #ifdef HAVE_SYS_STAT_H
| # include <sys/stat.h>
| #endif
| #ifdef STDC_HEADERS
| # include <stdlib.h>
| # include <stddef.h>
| #else
| # ifdef HAVE_STDLIB_H
| #  include <stdlib.h>
| # endif
| #endif
| #ifdef HAVE_STRING_H
| # if !defined STDC_HEADERS && defined HAVE_MEMORY_H
| #  include <memory.h>
| # endif
| # include <string.h>
| #endif
| #ifdef HAVE_STRINGS_H
| # include <strings.h>
| #endif
| #ifdef HAVE_INTTYPES_H
| # include <inttypes.h>
| #endif
| #ifdef HAVE_STDINT_H
| # include <stdint.h>
| #endif
| #ifdef HAVE_UNISTD_H
| # include <unistd.h>
| #endif
| int
| main ()
| {
| if (sizeof ((size_t)))
| 	    return 0;
|   ;
|   return 0;
| }
configure:5497: result: yes
configure:5508: checking for uid_t in sys/types.h
configure:5527: result: yes
configure:5545: checking sys/time.h usability
configure:5545: gcc -pipe -c -O  conftest.c >&5
configure:5545: $? = 0
configure:5545: result: yes
configure:5545: checking sys/time.h presence
configure:5545: gcc -E  conftest.c
configure:5545: $? = 0
configure:5545: result: yes
configure:5545: checking for sys/time.h
configure:5545: result: yes
configure:5555: checking whether time.h and sys/time.h may both be included
configure:5575: gcc -pipe -c -O  conftest.c >&5
configure:5575: $? = 0
configure:5582: result: yes
configure:5595: checking pw_gecos in struct pwd
configure:5608: gcc -pipe -c -O  conftest.c >&5
conftest.c:27:24: warning: expression result unused [-Wunused-value]
struct passwd pwd; pwd.pw_gecos;
                   ~~~ ^~~~~~~~
1 warning generated.
configure:5608: $? = 0
configure:5614: result: yes
configure:5631: checking for X
configure:5739: gcc -E  conftest.c
conftest.c:24:10: fatal error: 'X11/Xlib.h' file not found
#include <X11/Xlib.h>
         ^
1 error generated.
configure:5739: $? = 1
configure: failed program was:
| /* confdefs.h */
| #define PACKAGE_NAME ""
| #define PACKAGE_TARNAME ""
| #define PACKAGE_VERSION ""
| #define PACKAGE_STRING ""
| #define PACKAGE_BUGREPORT ""
| #define PACKAGE_URL ""
| #define STDC_HEADERS 1
| #define HAVE_SYS_TYPES_H 1
| #define HAVE_SYS_STAT_H 1
| #define HAVE_STDLIB_H 1
| #define HAVE_STRING_H 1
| #define HAVE_MEMORY_H 1
| #define HAVE_STRINGS_H 1
| #define HAVE_INTTYPES_H 1
| #define HAVE_STDINT_H 1
| #define HAVE_UNISTD_H 1
| #define HAVE_UNISTD_H 1
| #define HAVE_LIMITS_H 1
| #define HAVE_SYS_TIME_H 1
| #define TIME_WITH_SYS_TIME 1
| #define HAVE_PW_GECOS 1
| /* end confdefs.h.  */
| #include <X11/Xlib.h>
configure:5770: gcc -pipe -o conftest -O   conftest.c -lX11  >&5
conftest.c:24:10: fatal error: 'X11/Xlib.h' file not found
#include <X11/Xlib.h>
         ^
1 error generated.
configure:5770: $? = 1
configure: failed program was:
| /* confdefs.h */
| #define PACKAGE_NAME ""
| #define PACKAGE_TARNAME ""
| #define PACKAGE_VERSION ""
| #define PACKAGE_STRING ""
| #define PACKAGE_BUGREPORT ""
| #define PACKAGE_URL ""
| #define STDC_HEADERS 1
| #define HAVE_SYS_TYPES_H 1
| #define HAVE_SYS_STAT_H 1
| #define HAVE_STDLIB_H 1
| #define HAVE_STRING_H 1
| #define HAVE_MEMORY_H 1
| #define HAVE_STRINGS_H 1
| #define HAVE_INTTYPES_H 1
| #define HAVE_STDINT_H 1
| #define HAVE_UNISTD_H 1
| #define HAVE_UNISTD_H 1
| #define HAVE_LIMITS_H 1
| #define HAVE_SYS_TIME_H 1
| #define TIME_WITH_SYS_TIME 1
| #define HAVE_PW_GECOS 1
| /* end confdefs.h.  */
| #include <X11/Xlib.h>
| int
| main ()
| {
| XrmInitialize ()
|   ;
|   return 0;
| }
configure:5820: result: libraries /usr/X11/lib, headers /usr/X11/include
configure:6008: checking for main in -lXbsd
configure:6027: gcc -pipe -o conftest -O   conftest.c -lXbsd   >&5
ld: library not found for -lXbsd
clang: error: linker command failed with exit code 1 (use -v to see invocation)
configure:6027: $? = 1
configure: failed program was:
| /* confdefs.h */
| #define PACKAGE_NAME ""
| #define PACKAGE_TARNAME ""
| #define PACKAGE_VERSION ""
| #define PACKAGE_STRING ""
| #define PACKAGE_BUGREPORT ""
| #define PACKAGE_URL ""
| #define STDC_HEADERS 1
| #define HAVE_SYS_TYPES_H 1
| #define HAVE_SYS_STAT_H 1
| #define HAVE_STDLIB_H 1
| #define HAVE_STRING_H 1
| #define HAVE_MEMORY_H 1
| #define HAVE_STRINGS_H 1
| #define HAVE_INTTYPES_H 1
| #define HAVE_STDINT_H 1
| #define HAVE_UNISTD_H 1
| #define HAVE_UNISTD_H 1
| #define HAVE_LIMITS_H 1
| #define HAVE_SYS_TIME_H 1
| #define TIME_WITH_SYS_TIME 1
| #define HAVE_PW_GECOS 1
| /* end confdefs.h.  */
| 
| 
| int
| main ()
| {
| return main ();
|   ;
|   return 0;
| }
configure:6036: result: no
configure:6044: checking for connect
configure:6044: gcc -pipe -o conftest -O   conftest.c  >&5
configure:6044: $? = 0
configure:6044: result: yes
configure:6100: checking for gethostbyname
configure:6100: gcc -pipe -o conftest -O   conftest.c  >&5
configure:6100: $? = 0
configure:6100: result: yes
configure:6203: checking for sin
configure:6203: result: yes
configure:6210: checking for main in -lieee
configure:6238: result: no
configure:6250: checking whether char is unsigned
configure:6269: gcc -pipe -c -O  conftest.c >&5
configure:6269: $? = 0
configure:6276: result: no
configure:6292: checking for strtod
configure:6292: gcc -pipe -o conftest -O   conftest.c  >&5
configure:6292: $? = 0
configure:6292: result: yes
configure:6300: checking for Solaris 2.4 strtod bug
configure:6325: gcc -pipe -o conftest -O   conftest.c  >&5
conftest.c:33:7: warning: implicitly declaring library function 'exit' with type 'void (int) __attribute__((noreturn))'
                    exit(1);
                    ^
conftest.c:33:7: note: please include the header <stdlib.h> or explicitly provide a declaration for 'exit'
1 warning generated.
configure:6325: $? = 0
configure:6325: ./conftest
configure:6325: $? = 0
configure:6335: result: ok
configure:6352: checking how to build libraries
configure:6374: result: static
configure:6665: creating ./config.status

## ---------------------- ##
## Running config.status. ##
## ---------------------- ##

This file was extended by config.status, which was
generated by GNU Autoconf 2.69.  Invocation command line was

  CONFIG_FILES    = 
  CONFIG_HEADERS  = 
  CONFIG_LINKS    = 
  CONFIG_COMMANDS = 
  $ ./config.status 

on smilemaretekiMacBook-Pro.local

config.status:775: creating Makefile
config.status:874: WARNING:  'Makefile.in' seems to ignore the --datarootdir setting
config.status:775: creating tkConfig.sh
configure:7667: WARNING: unrecognized options: --disable-xft, --disable-xss

## ---------------- ##
## Cache variables. ##
## ---------------- ##

ac_cv_c_char_unsigned=no
ac_cv_c_compiler_gnu=yes
ac_cv_c_tclconfig=/Users/smilemare/project/ns-allinone-2.1b8a/tcl8.3.2/unix
ac_cv_env_CC_set=
ac_cv_env_CC_value=
ac_cv_env_CFLAGS_set=
ac_cv_env_CFLAGS_value=
ac_cv_env_CPPFLAGS_set=
ac_cv_env_CPPFLAGS_value=
ac_cv_env_CPP_set=
ac_cv_env_CPP_value=
ac_cv_env_LDFLAGS_set=set
ac_cv_env_LDFLAGS_value='-framework CoreFoundation'
ac_cv_env_LIBS_set=
ac_cv_env_LIBS_value=
ac_cv_env_XMKMF_set=
ac_cv_env_XMKMF_value=
ac_cv_env_build_alias_set=
ac_cv_env_build_alias_value=
ac_cv_env_host_alias_set=
ac_cv_env_host_alias_value=
ac_cv_env_target_alias_set=
ac_cv_env_target_alias_value=
ac_cv_func_connect=yes
ac_cv_func_gethostbyname=yes
ac_cv_func_sin=yes
ac_cv_func_strtod=yes
ac_cv_have_x='have_x=yes	ac_x_includes='\''/usr/X11/include'\''	ac_x_libraries='\''/usr/X11/lib'\'''
ac_cv_header_inttypes_h=yes
ac_cv_header_limits_h=yes
ac_cv_header_memory_h=yes
ac_cv_header_stdc=yes
ac_cv_header_stdint_h=yes
ac_cv_header_stdlib_h=yes
ac_cv_header_string_h=yes
ac_cv_header_strings_h=yes
ac_cv_header_sys_stat_h=yes
ac_cv_header_sys_time_h=yes
ac_cv_header_sys_types_h=yes
ac_cv_header_time=yes
ac_cv_header_unistd_h=yes
ac_cv_lib_Xbsd_main=no
ac_cv_lib_dl_dlopen=yes
ac_cv_lib_ieee_main=no
ac_cv_objext=o
ac_cv_path_EGREP='/usr/bin/grep -E'
ac_cv_path_GREP=/usr/bin/grep
ac_cv_prog_CPP='gcc -E'
ac_cv_prog_ac_ct_CC=gcc
ac_cv_prog_ac_ct_RANLIB=ranlib
ac_cv_prog_cc_c89=
ac_cv_prog_cc_g=yes
ac_cv_type_mode_t=yes
ac_cv_type_pid_t=yes
ac_cv_type_size_t=yes
ac_cv_type_uid_t=yes

## ----------------- ##
## Output variables. ##
## ----------------- ##

CC='gcc -pipe'
CFLAGS='-O'
CFLAGS_DEBUG='-g'
CFLAGS_DEFAULT='-O'
CFLAGS_OPTIMIZE='-O'
CFLAGS_WARNING=''
CPP='gcc -E'
CPPFLAGS=''
DEFS='-DPACKAGE_NAME=\"\" -DPACKAGE_TARNAME=\"\" -DPACKAGE_VERSION=\"\" -DPACKAGE_STRING=\"\" -DPACKAGE_BUGREPORT=\"\" -DPACKAGE_URL=\"\" -DSTDC_HEADERS=1 -DHAVE_SYS_TYPES_H=1 -DHAVE_SYS_STAT_H=1 -DHAVE_STDLIB_H=1 -DHAVE_STRING_H=1 -DHAVE_MEMORY_H=1 -DHAVE_STRINGS_H=1 -DHAVE_INTTYPES_H=1 -DHAVE_STDINT_H=1 -DHAVE_UNISTD_H=1 -DHAVE_UNISTD_H=1 -DHAVE_LIMITS_H=1 -DHAVE_SYS_TIME_H=1 -DTIME_WITH_SYS_TIME=1 -DHAVE_PW_GECOS=1 -DSTATIC_BUILD=1'
DL_LIBS=''
ECHO_C='\c'
ECHO_N=''
ECHO_T=''
EGREP='/usr/bin/grep -E'
EXEEXT=''
EXTRA_CFLAGS=''
GREP='/usr/bin/grep'
LDFLAGS=''
LD_FLAGS=''
LIBOBJS=''
LIBS=''
LTLIBOBJS=''
MAKE_LIB='ar cr ${TK_LIB_FILE} ${OBJS}'
MAKE_STUB_LIB='ar cr ${STUB_LIB_FILE} ${STUB_LIB_OBJS}'
MATH_LIBS=''
OBJEXT='o'
PACKAGE_BUGREPORT=''
PACKAGE_NAME=''
PACKAGE_STRING=''
PACKAGE_TARNAME=''
PACKAGE_URL=''
PACKAGE_VERSION=''
PATH_SEPARATOR=':'
RANLIB='ranlib'
SHELL='/bin/sh'
SHLIB_CFLAGS=''
SHLIB_LD=''
SHLIB_LD_LIBS=''
SHLIB_SUFFIX=''
SHLIB_VERSION=''
STUB_LIB_FILE='libtkstub8.3.a'
TCL_BIN_DIR='/Users/smilemare/project/ns-allinone-2.1b8a/tcl8.3.2/unix'
TCL_DBGX=''
TCL_LIB_FILE='libtcl8.3.a'
TCL_LIB_FLAG='-ltcl8.3'
TCL_LIB_SPEC='-L$(TCL_BIN_DIR) $(TCL_LIB_FLAG)'
TCL_SRC_DIR='/Users/smilemare/project/ns-allinone-2.1b8a/tcl8.3.2'
TCL_STUB_FLAGS=''
TCL_VERSION='8.3'
TK_BUILD_EXP_FILE=''
TK_BUILD_LIB_SPEC='-L/Users/smilemare/project/ns-allinone-2.1b8a/tk8.3.2/unix -ltk8.3'
TK_BUILD_STUB_LIB_PATH='/Users/smilemare/project/ns-allinone-2.1b8a/tk8.3.2/unix/libtkstub8.3.a'
TK_BUILD_STUB_LIB_SPEC='-L/Users/smilemare/project/ns-allinone-2.1b8a/tk8.3.2/unix -ltkstub8.3'
TK_CC_SEARCH_FLAGS=''
TK_DBGX=''
TK_EXP_FILE=''
TK_LD_SEARCH_FLAGS=''
TK_LIB_FILE='libtk8.3.a'
TK_LIB_FLAG='-ltk8.3'
TK_LIB_SPEC='-L/Users/smilemare/project/ns-allinone-2.1b8a/lib -ltk8.3'
TK_MAJOR_VERSION='8'
TK_MINOR_VERSION='3'
TK_PATCH_LEVEL='.2'
TK_SHARED_BUILD='0'
TK_SHLIB_CFLAGS=''
TK_SRC_DIR='/Users/smilemare/project/ns-allinone-2.1b8a/tk8.3.2'
TK_STUB_FLAGS=''
TK_STUB_LIB_FILE='libtkstub8.3.a'
TK_STUB_LIB_FLAG='-ltkstub8.3'
TK_STUB_LIB_PATH='/Users/smilemare/project/ns-allinone-2.1b8a/lib/libtkstub8.3.a'
TK_STUB_LIB_SPEC='-L/Users/smilemare/project/ns-allinone-2.1b8a/lib -ltkstub8.3'
TK_VERSION='8.3'
XINCLUDES='-I/usr/X11/include'
XLIBSW='-L/usr/X11/lib -lX11'
XMKMF=''
ac_ct_CC='gcc'
bindir='${exec_prefix}/bin'
build_alias=''
datadir='${datarootdir}'
datarootdir='${prefix}/share'
docdir='${datarootdir}/doc/${PACKAGE}'
dvidir='${docdir}'
exec_prefix='/Users/smilemare/project/ns-allinone-2.1b8a'
host_alias=''
htmldir='${docdir}'
includedir='${prefix}/include'
infodir='${datarootdir}/info'
libdir='${exec_prefix}/lib'
libexecdir='${exec_prefix}/libexec'
localedir='${datarootdir}/locale'
localstatedir='${prefix}/var'
mandir='${datarootdir}/man'
oldincludedir='/usr/include'
pdfdir='${docdir}'
prefix='/Users/smilemare/project/ns-allinone-2.1b8a'
program_transform_name='s,x,x,'
psdir='${docdir}'
sbindir='${exec_prefix}/sbin'
sharedstatedir='${prefix}/com'
sysconfdir='${prefix}/etc'
target_alias=''

## ----------- ##
## confdefs.h. ##
## ----------- ##

/* confdefs.h */
#define PACKAGE_NAME ""
#define PACKAGE_TARNAME ""
#define PACKAGE_VERSION ""
#define PACKAGE_STRING ""
#define PACKAGE_BUGREPORT ""
#define PACKAGE_URL ""
#define STDC_HEADERS 1
#define HAVE_SYS_TYPES_H 1
#define HAVE_SYS_STAT_H 1
#define HAVE_STDLIB_H 1
#define HAVE_STRING_H 1
#define HAVE_MEMORY_H 1
#define HAVE_STRINGS_H 1
#define HAVE_INTTYPES_H 1
#define HAVE_STDINT_H 1
#define HAVE_UNISTD_H 1
#define HAVE_UNISTD_H 1
#define HAVE_LIMITS_H 1
#define HAVE_SYS_TIME_H 1
#define TIME_WITH_SYS_TIME 1
#define HAVE_PW_GECOS 1
#define STATIC_BUILD 1

configure: exit 0
